2018/02/05 14:00:52 [error] [exception.CHttpException.404] exception 'CHttpException' with message 'Unable to resolve the request "gi".' in /opt/lampp/htdocs/yii/framework/web/CWebApplication.php:286
Stack trace:
#0 /opt/lampp/htdocs/yii/framework/web/CWebApplication.php(141): CWebApplication->runController('gi')
#1 /opt/lampp/htdocs/yii/framework/base/CApplication.php(185): CWebApplication->processRequest()
#2 /opt/lampp/htdocs/siompu_website/index.php(13): CApplication->run()
#3 {main}
REQUEST_URI=/siompu_website/?r=gi
---
2018/02/05 14:10:37 [error] [exception.CException] exception 'CException' with message 'SiteController cannot find the requested view "setup".' in /opt/lampp/htdocs/yii/framework/web/CController.php:881
Stack trace:
#0 /opt/lampp/htdocs/yii/framework/web/CController.php(785): CController->renderPartial('setup', NULL, true)
#1 /opt/lampp/htdocs/siompu_website/protected/controllers/SiteController.php(32): CController->render('setup')
#2 /opt/lampp/htdocs/yii/framework/web/actions/CInlineAction.php(49): SiteController->actionIndex()
#3 /opt/lampp/htdocs/yii/framework/web/CController.php(308): CInlineAction->runWithParams(Array)
#4 /opt/lampp/htdocs/yii/framework/web/CController.php(286): CController->runAction(Object(CInlineAction))
#5 /opt/lampp/htdocs/yii/framework/web/CController.php(265): CController->runActionWithFilters(Object(CInlineAction), Array)
#6 /opt/lampp/htdocs/yii/framework/web/CWebApplication.php(282): CController->run('')
#7 /opt/lampp/htdocs/yii/framework/web/CWebApplication.php(141): CWebApplication->runController('')
#8 /opt/lampp/htdocs/yii/framework/base/CApplication.php(185): CWebApplication->processRequest()
#9 /opt/lampp/htdocs/siompu_website/index.php(13): CApplication->run()
#10 {main}
REQUEST_URI=/siompu_website/
---
2018/02/05 14:10:38 [error] [exception.CException] exception 'CException' with message 'SiteController cannot find the requested view "setup".' in /opt/lampp/htdocs/yii/framework/web/CController.php:881
Stack trace:
#0 /opt/lampp/htdocs/yii/framework/web/CController.php(785): CController->renderPartial('setup', NULL, true)
#1 /opt/lampp/htdocs/siompu_website/protected/controllers/SiteController.php(32): CController->render('setup')
#2 /opt/lampp/htdocs/yii/framework/web/actions/CInlineAction.php(49): SiteController->actionIndex()
#3 /opt/lampp/htdocs/yii/framework/web/CController.php(308): CInlineAction->runWithParams(Array)
#4 /opt/lampp/htdocs/yii/framework/web/CController.php(286): CController->runAction(Object(CInlineAction))
#5 /opt/lampp/htdocs/yii/framework/web/CController.php(265): CController->runActionWithFilters(Object(CInlineAction), Array)
#6 /opt/lampp/htdocs/yii/framework/web/CWebApplication.php(282): CController->run('')
#7 /opt/lampp/htdocs/yii/framework/web/CWebApplication.php(141): CWebApplication->runController('')
#8 /opt/lampp/htdocs/yii/framework/base/CApplication.php(185): CWebApplication->processRequest()
#9 /opt/lampp/htdocs/siompu_website/index.php(13): CApplication->run()
#10 {main}
REQUEST_URI=/siompu_website/
---
2018/02/05 14:10:39 [error] [exception.CException] exception 'CException' with message 'SiteController cannot find the requested view "setup".' in /opt/lampp/htdocs/yii/framework/web/CController.php:881
Stack trace:
#0 /opt/lampp/htdocs/yii/framework/web/CController.php(785): CController->renderPartial('setup', NULL, true)
#1 /opt/lampp/htdocs/siompu_website/protected/controllers/SiteController.php(32): CController->render('setup')
#2 /opt/lampp/htdocs/yii/framework/web/actions/CInlineAction.php(49): SiteController->actionIndex()
#3 /opt/lampp/htdocs/yii/framework/web/CController.php(308): CInlineAction->runWithParams(Array)
#4 /opt/lampp/htdocs/yii/framework/web/CController.php(286): CController->runAction(Object(CInlineAction))
#5 /opt/lampp/htdocs/yii/framework/web/CController.php(265): CController->runActionWithFilters(Object(CInlineAction), Array)
#6 /opt/lampp/htdocs/yii/framework/web/CWebApplication.php(282): CController->run('')
#7 /opt/lampp/htdocs/yii/framework/web/CWebApplication.php(141): CWebApplication->runController('')
#8 /opt/lampp/htdocs/yii/framework/base/CApplication.php(185): CWebApplication->processRequest()
#9 /opt/lampp/htdocs/siompu_website/index.php(13): CApplication->run()
#10 {main}
REQUEST_URI=/siompu_website/
---
2018/02/05 14:10:39 [error] [exception.CException] exception 'CException' with message 'SiteController cannot find the requested view "setup".' in /opt/lampp/htdocs/yii/framework/web/CController.php:881
Stack trace:
#0 /opt/lampp/htdocs/yii/framework/web/CController.php(785): CController->renderPartial('setup', NULL, true)
#1 /opt/lampp/htdocs/siompu_website/protected/controllers/SiteController.php(32): CController->render('setup')
#2 /opt/lampp/htdocs/yii/framework/web/actions/CInlineAction.php(49): SiteController->actionIndex()
#3 /opt/lampp/htdocs/yii/framework/web/CController.php(308): CInlineAction->runWithParams(Array)
#4 /opt/lampp/htdocs/yii/framework/web/CController.php(286): CController->runAction(Object(CInlineAction))
#5 /opt/lampp/htdocs/yii/framework/web/CController.php(265): CController->runActionWithFilters(Object(CInlineAction), Array)
#6 /opt/lampp/htdocs/yii/framework/web/CWebApplication.php(282): CController->run('')
#7 /opt/lampp/htdocs/yii/framework/web/CWebApplication.php(141): CWebApplication->runController('')
#8 /opt/lampp/htdocs/yii/framework/base/CApplication.php(185): CWebApplication->processRequest()
#9 /opt/lampp/htdocs/siompu_website/index.php(13): CApplication->run()
#10 {main}
REQUEST_URI=/siompu_website/
---
2018/02/05 14:14:04 [error] [exception.CException] exception 'CException' with message 'SiteController cannot find the requested view "site/setup/index".' in /opt/lampp/htdocs/yii/framework/web/CController.php:881
Stack trace:
#0 /opt/lampp/htdocs/yii/framework/web/CController.php(785): CController->renderPartial('site/setup/inde...', NULL, true)
#1 /opt/lampp/htdocs/siompu_website/protected/controllers/SiteController.php(32): CController->render('site/setup/inde...')
#2 /opt/lampp/htdocs/yii/framework/web/actions/CInlineAction.php(49): SiteController->actionIndex()
#3 /opt/lampp/htdocs/yii/framework/web/CController.php(308): CInlineAction->runWithParams(Array)
#4 /opt/lampp/htdocs/yii/framework/web/CController.php(286): CController->runAction(Object(CInlineAction))
#5 /opt/lampp/htdocs/yii/framework/web/CController.php(265): CController->runActionWithFilters(Object(CInlineAction), Array)
#6 /opt/lampp/htdocs/yii/framework/web/CWebApplication.php(282): CController->run('')
#7 /opt/lampp/htdocs/yii/framework/web/CWebApplication.php(141): CWebApplication->runController('')
#8 /opt/lampp/htdocs/yii/framework/base/CApplication.php(185): CWebApplication->processRequest()
#9 /opt/lampp/htdocs/siompu_website/index.php(13): CApplication->run()
#10 {main}
REQUEST_URI=/siompu_website/
---
2018/02/05 14:15:48 [error] [exception.CException] exception 'CException' with message 'SiteController cannot find the requested view "contact".' in /opt/lampp/htdocs/yii/framework/web/CController.php:881
Stack trace:
#0 /opt/lampp/htdocs/yii/framework/web/CController.php(785): CController->renderPartial('contact', Array, true)
#1 /opt/lampp/htdocs/siompu_website/protected/controllers/SiteController.php(72): CController->render('contact', Array)
#2 /opt/lampp/htdocs/yii/framework/web/actions/CInlineAction.php(49): SiteController->actionContact()
#3 /opt/lampp/htdocs/yii/framework/web/CController.php(308): CInlineAction->runWithParams(Array)
#4 /opt/lampp/htdocs/yii/framework/web/CController.php(286): CController->runAction(Object(CInlineAction))
#5 /opt/lampp/htdocs/yii/framework/web/CController.php(265): CController->runActionWithFilters(Object(CInlineAction), Array)
#6 /opt/lampp/htdocs/yii/framework/web/CWebApplication.php(282): CController->run('contact')
#7 /opt/lampp/htdocs/yii/framework/web/CWebApplication.php(141): CWebApplication->runController('site/contact')
#8 /opt/lampp/htdocs/yii/framework/base/CApplication.php(185): CWebApplication->processRequest()
#9 /opt/lampp/htdocs/siompu_website/index.php(13): CApplication->run()
#10 {main}
REQUEST_URI=/siompu_website/index.php/site/contact
HTTP_REFERER=http://localhost/siompu_website/index.php/site/page?view=about
---
2018/02/05 14:17:23 [error] [php] file_put_contents(/opt/lampp/htdocs/siompu_website/protected/runtime/gii-1.1.19/ControllerCode.php): failed to open stream: Permission denied (/opt/lampp/htdocs/yii/framework/gii/CCodeModel.php:388)
Stack trace:
#0 /opt/lampp/htdocs/yii/framework/gii/CCodeGenerator.php(63): ControllerGenerator->prepare()
#1 /opt/lampp/htdocs/yii/framework/web/actions/CInlineAction.php(49): ControllerGenerator->actionIndex()
#2 /opt/lampp/htdocs/yii/framework/web/CController.php(308): CInlineAction->runWithParams()
#3 /opt/lampp/htdocs/yii/framework/web/CController.php(286): ControllerGenerator->runAction()
#4 /opt/lampp/htdocs/yii/framework/web/CController.php(265): ControllerGenerator->runActionWithFilters()
#5 /opt/lampp/htdocs/yii/framework/web/CWebApplication.php(282): ControllerGenerator->run()
#6 /opt/lampp/htdocs/yii/framework/web/CWebApplication.php(141): CWebApplication->runController()
#7 /opt/lampp/htdocs/yii/framework/base/CApplication.php(185): CWebApplication->processRequest()
#8 /opt/lampp/htdocs/siompu_website/index.php(13): CWebApplication->run()
REQUEST_URI=/siompu_website/index.php?r=gii/controller/index
in /opt/lampp/htdocs/siompu_website/index.php (13)
2018/02/13 05:17:53 [error] [exception.CHttpException.404] CHttpException: Unable to resolve the request "css/lib/bulma.css.map". in C:\xampp2\htdocs\yii\framework\web\CWebApplication.php:286
Stack trace:
#0 C:\xampp2\htdocs\yii\framework\web\CWebApplication.php(141): CWebApplication->runController('css/lib/bulma.c...')
#1 C:\xampp2\htdocs\yii\framework\base\CApplication.php(185): CWebApplication->processRequest()
#2 C:\xampp2\htdocs\siompu_website\index.php(13): CApplication->run()
#3 {main}
REQUEST_URI=/siompu_website/css/lib/bulma.css.map
---
2018/02/13 05:19:00 [error] [exception.CHttpException.404] CHttpException: Unable to resolve the request "css/lib/bulma.css.map". in C:\xampp2\htdocs\yii\framework\web\CWebApplication.php:286
Stack trace:
#0 C:\xampp2\htdocs\yii\framework\web\CWebApplication.php(141): CWebApplication->runController('css/lib/bulma.c...')
#1 C:\xampp2\htdocs\yii\framework\base\CApplication.php(185): CWebApplication->processRequest()
#2 C:\xampp2\htdocs\siompu_website\index.php(13): CApplication->run()
#3 {main}
REQUEST_URI=/siompu_website/css/lib/bulma.css.map
---
2018/02/13 05:20:41 [error] [exception.CHttpException.404] CHttpException: Unable to resolve the request "css/lib/bulma.css.map". in C:\xampp2\htdocs\yii\framework\web\CWebApplication.php:286
Stack trace:
#0 C:\xampp2\htdocs\yii\framework\web\CWebApplication.php(141): CWebApplication->runController('css/lib/bulma.c...')
#1 C:\xampp2\htdocs\yii\framework\base\CApplication.php(185): CWebApplication->processRequest()
#2 C:\xampp2\htdocs\siompu_website\index.php(13): CApplication->run()
#3 {main}
REQUEST_URI=/siompu_website/css/lib/bulma.css.map
---
2018/02/13 05:21:52 [error] [exception.CHttpException.404] CHttpException: Unable to resolve the request "css/lib/bulma.css.map". in C:\xampp2\htdocs\yii\framework\web\CWebApplication.php:286
Stack trace:
#0 C:\xampp2\htdocs\yii\framework\web\CWebApplication.php(141): CWebApplication->runController('css/lib/bulma.c...')
#1 C:\xampp2\htdocs\yii\framework\base\CApplication.php(185): CWebApplication->processRequest()
#2 C:\xampp2\htdocs\siompu_website\index.php(13): CApplication->run()
#3 {main}
REQUEST_URI=/siompu_website/css/lib/bulma.css.map
---
2018/02/13 12:44:53 [error] [exception.CHttpException.404] CHttpException: Unable to resolve the request "css/lib/bulma.css.map". in C:\xampp2\htdocs\yii\framework\web\CWebApplication.php:286
Stack trace:
#0 C:\xampp2\htdocs\yii\framework\web\CWebApplication.php(141): CWebApplication->runController('css/lib/bulma.c...')
#1 C:\xampp2\htdocs\yii\framework\base\CApplication.php(185): CWebApplication->processRequest()
#2 C:\xampp2\htdocs\siompu_website\index.php(13): CApplication->run()
#3 {main}
REQUEST_URI=/siompu_website/css/lib/bulma.css.map
---
2018/02/13 12:48:43 [error] [exception.CHttpException.404] CHttpException: Unable to resolve the request "css/lib/bulma.css.map". in C:\xampp2\htdocs\yii\framework\web\CWebApplication.php:286
Stack trace:
#0 C:\xampp2\htdocs\yii\framework\web\CWebApplication.php(141): CWebApplication->runController('css/lib/bulma.c...')
#1 C:\xampp2\htdocs\yii\framework\base\CApplication.php(185): CWebApplication->processRequest()
#2 C:\xampp2\htdocs\siompu_website\index.php(13): CApplication->run()
#3 {main}
REQUEST_URI=/siompu_website/css/lib/bulma.css.map
---
2018/02/13 12:49:34 [error] [exception.CHttpException.404] CHttpException: Unable to resolve the request "css/lib/siompu_main.css". in C:\xampp2\htdocs\yii\framework\web\CWebApplication.php:286
Stack trace:
#0 C:\xampp2\htdocs\yii\framework\web\CWebApplication.php(141): CWebApplication->runController('css/lib/siompu_...')
#1 C:\xampp2\htdocs\yii\framework\base\CApplication.php(185): CWebApplication->processRequest()
#2 C:\xampp2\htdocs\siompu_website\index.php(13): CApplication->run()
#3 {main}
REQUEST_URI=/siompu_website/css/lib/siompu_main.css
HTTP_REFERER=http://localhost/siompu_website/
---
2018/02/13 12:49:36 [error] [exception.CHttpException.404] CHttpException: Unable to resolve the request "css/lib/bulma.css.map". in C:\xampp2\htdocs\yii\framework\web\CWebApplication.php:286
Stack trace:
#0 C:\xampp2\htdocs\yii\framework\web\CWebApplication.php(141): CWebApplication->runController('css/lib/bulma.c...')
#1 C:\xampp2\htdocs\yii\framework\base\CApplication.php(185): CWebApplication->processRequest()
#2 C:\xampp2\htdocs\siompu_website\index.php(13): CApplication->run()
#3 {main}
REQUEST_URI=/siompu_website/css/lib/bulma.css.map
---
2018/02/13 12:50:52 [error] [exception.CHttpException.404] CHttpException: Unable to resolve the request "css/lib/siompu_main.css". in C:\xampp2\htdocs\yii\framework\web\CWebApplication.php:286
Stack trace:
#0 C:\xampp2\htdocs\yii\framework\web\CWebApplication.php(141): CWebApplication->runController('css/lib/siompu_...')
#1 C:\xampp2\htdocs\yii\framework\base\CApplication.php(185): CWebApplication->processRequest()
#2 C:\xampp2\htdocs\siompu_website\index.php(13): CApplication->run()
#3 {main}
REQUEST_URI=/siompu_website/css/lib/siompu_main.css
---
2018/02/13 12:52:20 [error] [exception.CHttpException.404] CHttpException: Unable to resolve the request "css/lib/bulma.css.map". in C:\xampp2\htdocs\yii\framework\web\CWebApplication.php:286
Stack trace:
#0 C:\xampp2\htdocs\yii\framework\web\CWebApplication.php(141): CWebApplication->runController('css/lib/bulma.c...')
#1 C:\xampp2\htdocs\yii\framework\base\CApplication.php(185): CWebApplication->processRequest()
#2 C:\xampp2\htdocs\siompu_website\index.php(13): CApplication->run()
#3 {main}
REQUEST_URI=/siompu_website/css/lib/bulma.css.map
---
2018/02/13 12:53:43 [error] [exception.CHttpException.404] CHttpException: Unable to resolve the request "css/lib/bulma.css.map". in C:\xampp2\htdocs\yii\framework\web\CWebApplication.php:286
Stack trace:
#0 C:\xampp2\htdocs\yii\framework\web\CWebApplication.php(141): CWebApplication->runController('css/lib/bulma.c...')
#1 C:\xampp2\htdocs\yii\framework\base\CApplication.php(185): CWebApplication->processRequest()
#2 C:\xampp2\htdocs\siompu_website\index.php(13): CApplication->run()
#3 {main}
REQUEST_URI=/siompu_website/css/lib/bulma.css.map
---
2018/02/13 12:54:16 [error] [exception.CHttpException.404] CHttpException: Unable to resolve the request "css/lib/bulma.css.map". in C:\xampp2\htdocs\yii\framework\web\CWebApplication.php:286
Stack trace:
#0 C:\xampp2\htdocs\yii\framework\web\CWebApplication.php(141): CWebApplication->runController('css/lib/bulma.c...')
#1 C:\xampp2\htdocs\yii\framework\base\CApplication.php(185): CWebApplication->processRequest()
#2 C:\xampp2\htdocs\siompu_website\index.php(13): CApplication->run()
#3 {main}
REQUEST_URI=/siompu_website/css/lib/bulma.css.map
---
2018/02/13 12:55:56 [error] [exception.CHttpException.404] CHttpException: Unable to resolve the request "css/lib/bulma.css.map". in C:\xampp2\htdocs\yii\framework\web\CWebApplication.php:286
Stack trace:
#0 C:\xampp2\htdocs\yii\framework\web\CWebApplication.php(141): CWebApplication->runController('css/lib/bulma.c...')
#1 C:\xampp2\htdocs\yii\framework\base\CApplication.php(185): CWebApplication->processRequest()
#2 C:\xampp2\htdocs\siompu_website\index.php(13): CApplication->run()
#3 {main}
REQUEST_URI=/siompu_website/css/lib/bulma.css.map
---
